2023-02-26 15:59:03,796 [ 1] INFO  Unity: LoadingManager start
2023-02-26 15:59:07,207 [ 1] INFO  Unity: DataManager > DataManager()
2023-02-26 15:59:07,265 [ 1] INFO  Unity: MapLOAD
2023-02-26 15:59:07,272 [ 1] INFO  Unity: CharacterLOAD
2023-02-26 15:59:07,282 [ 1] INFO  Unity: TeleporterLOAD
2023-02-26 15:59:07,288 [ 1] INFO  Unity: NPCLOAD
2023-02-26 15:59:07,300 [ 1] INFO  Unity: ITEMLOAD
2023-02-26 15:59:07,306 [ 1] INFO  Unity: SPAWNLOAD
2023-02-26 15:59:12,621 [ 1] INFO  Unity: UserLoginRequest::user :user001 psw:12345
2023-02-26 15:59:12,622 [ 1] INFO  Unity: ConnectToServer() Start 
2023-02-26 15:59:12,624 [ 1] INFO  Unity: DoConnect
2023-02-26 15:59:12,626 [ 1] INFO  Unity: NetClient.DoConnect on 127.0.0.1:8000
2023-02-26 15:59:12,636 [ 1] INFO  Unity: Connect[0] to server 127.0.0.1:8000

2023-02-26 15:59:12,638 [ 1] INFO  Unity: LoadingMesager::OnGameServerConnect :0 reason:Success
2023-02-26 15:59:13,022 [ 1] INFO  Unity: OnLogin:Success [None]
2023-02-26 15:59:13,023 [ 1] INFO  Unity: LoadLevel: CharSelect
2023-02-26 15:59:13,179 [ 1] INFO  Unity: LevelLoadCompleted:1
2023-02-26 15:59:13,831 [ 1] INFO  Unity: Select Char:[1]12345[Warrior]
2023-02-26 15:59:14,057 [ 1] INFO  Unity: Select Char:[2]88888[Wizard]
2023-02-26 15:59:14,673 [ 1] INFO  Unity: UserGameEnterRequest::characterId :1
2023-02-26 15:59:14,760 [ 1] INFO  Unity: OnGameEnter:Success [None]
2023-02-26 15:59:14,761 [ 1] INFO  Unity: ItemManager: Init[1], Count: 100
2023-02-26 15:59:14,762 [ 1] INFO  Unity: ItemManager: Init[2], Count: 200
2023-02-26 15:59:14,762 [ 1] INFO  Unity: ItemManager: Init[3], Count: 30
2023-02-26 15:59:14,762 [ 1] INFO  Unity: ItemManager: Init[4], Count: 120
2023-02-26 15:59:14,763 [ 1] INFO  Unity: ItemManager: Init[5], Count: 10
2023-02-26 15:59:14,763 [ 1] INFO  Unity: ItemManager: Init[6], Count: 150
2023-02-26 15:59:14,764 [ 1] INFO  Unity: BagInit: System.Byte[]
2023-02-26 15:59:14,765 [ 1] INFO  Unity: MapService: OnMapCharacterEnter:Map:1 Count:1
2023-02-26 15:59:14,766 [ 1] INFO  Unity: CharacterManager:AddCharacter:ID:1Name:88888MapID:1 Entity:(1:pos:(5000,4000,820),dir:(100,0,0),spd:0
2023-02-26 15:59:14,769 [ 1] INFO  Unity: LoadLevel: MainCity
2023-02-26 15:59:15,108 [ 1] WARN  Unity: No mesh data available for mesh Sphere001 on particle system fx_portal. Make sure Read/Write Enabled is set in the importer to work on the particle system renderer

2023-02-26 15:59:15,174 [ 1] WARN  Unity: Asset 'DeliveryNpc': Transition 'AnyState -> DeliveryNPC_Talk' in state 'AnyState' doesn't have an Exit Time or any condition, transition will be ignored

2023-02-26 15:59:15,175 [ 1] WARN  Unity: [MainPlayerCamera][-2771698] Awake
UnityEngine.Debug:LogWarningFormat(String, Object[])
MonoSingleton`1:Awake() (at Assets/Scripts/Utilities/MonoSingleton.cs:23)

2023-02-26 15:59:15,176 [ 1] WARN  Unity: [GameObjectManager][-2771650] Awake
UnityEngine.Debug:LogWarningFormat(String, Object[])
MonoSingleton`1:Awake() (at Assets/Scripts/Utilities/MonoSingleton.cs:23)

2023-02-26 15:59:15,176 [ 1] INFO  Unity: GameObjectManager的OnStart被调用了
2023-02-26 15:59:15,177 [ 1] INFO  Unity: IEnumerator InitGameObjects被调用了
2023-02-26 15:59:15,178 [ 1] INFO  Unity: 收到character信息,ID:1,Name:88888
2023-02-26 15:59:15,178 [ 1] INFO  Unity: GameObjectManager创建角色物体，目前共有0
2023-02-26 15:59:15,180 [ 1] INFO  Unity: GameObjectManager创建角色物体完毕，目前共有1
2023-02-26 15:59:15,180 [ 1] WARN  Unity: [UIMain][513978] Awake
UnityEngine.Debug:LogWarningFormat(String, Object[])
MonoSingleton`1:Awake() (at Assets/Scripts/Utilities/MonoSingleton.cs:23)

2023-02-26 15:59:15,182 [ 1] WARN  Unity: [UIWorldElementManager][514836] Awake
UnityEngine.Debug:LogWarningFormat(String, Object[])
MonoSingleton`1:Awake() (at Assets/Scripts/Utilities/MonoSingleton.cs:23)

2023-02-26 15:59:15,201 [ 1] INFO  Unity: LevelLoadCompleted:1
2023-02-26 16:00:03,005 [ 1] INFO  Unity: ProcessReceive exception:System.Net.Sockets.SocketException: An existing connection was forcibly closed by the remote host.

  at System.Net.Sockets.Socket.Receive (System.Byte[] buffer, Int32 offset, Int32 size, SocketFlags flags) [0x00000] in <filename unknown>:0 
  at Network.NetClient.ProcessRecv () [0x00084] in F:\Unity\GWorld\GWorld\Src\Client\Assets\Scripts\Network\NetClient.cs:336 

2023-02-26 16:00:03,005 [ 1] WARN  Unity: CloseConnection(), errorCode: 1001
UnityEngine.Debug:LogWarning(Object)
Network.NetClient:CloseConnection(Int32) (at Assets/Scripts/Network/NetClient.cs:176)
Network.NetClient:ProcessRecv() (at Assets/Scripts/Network/NetClient.cs:350)
Network.NetClient:Update() (at Assets/Scripts/Network/NetClient.cs:430)

2023-02-26 16:00:03,013 [ 1] INFO  Unity: DoConnect
2023-02-26 16:00:03,013 [ 1] INFO  Unity: NetClient.DoConnect on 127.0.0.1:8000
2023-02-26 16:00:03,014 [ 1] INFO  Unity: Connect[0] to server 127.0.0.1:8000

2023-02-26 16:00:05,052 [ 1] WARN  Unity: CloseConnection(), errorCode: 1005
UnityEngine.Debug:LogWarning(Object)
Network.NetClient:CloseConnection(Int32) (at Assets/Scripts/Network/NetClient.cs:176)
Network.NetClient:DoConnect() (at Assets/Scripts/Network/NetClient.cs:270)
Network.NetClient:Connect(Int32) (at Assets/Scripts/Network/NetClient.cs:165)
Network.NetClient:KeepConnect() (at Assets/Scripts/Network/NetClient.cs:311)
Network.NetClient:Update() (at Assets/Scripts/Network/NetClient.cs:428)

2023-02-26 16:00:05,052 [ 1] ERROR Unity: DoConnect SocketException:[10061,ConnectionRefused,10061]System.Net.Sockets.SocketException: No connection could be made because the target machine actively refused it.

  at System.Net.Sockets.Socket.Connect (System.Net.EndPoint remoteEP, Boolean requireSocketPolicy) [0x00000] in <filename unknown>:0 
  at System.Net.Sockets.Socket+Worker.Connect () [0x00000] in <filename unknown>:0  
UnityEngine.Debug:LogErrorFormat(String, Object[])
Network.NetClient:DoConnect() (at Assets/Scripts/Network/NetClient.cs:272)
Network.NetClient:Connect(Int32) (at Assets/Scripts/Network/NetClient.cs:165)
Network.NetClient:KeepConnect() (at Assets/Scripts/Network/NetClient.cs:311)
Network.NetClient:Update() (at Assets/Scripts/Network/NetClient.cs:428)

2023-02-26 16:00:05,077 [ 1] INFO  Unity: DoConnect
2023-02-26 16:00:05,077 [ 1] INFO  Unity: NetClient.DoConnect on 127.0.0.1:8000
2023-02-26 16:00:05,078 [ 1] INFO  Unity: Connect[1] to server 127.0.0.1:8000

2023-02-26 16:00:07,132 [ 1] WARN  Unity: CloseConnection(), errorCode: 1005
UnityEngine.Debug:LogWarning(Object)
Network.NetClient:CloseConnection(Int32) (at Assets/Scripts/Network/NetClient.cs:176)
Network.NetClient:DoConnect() (at Assets/Scripts/Network/NetClient.cs:270)
Network.NetClient:Connect(Int32) (at Assets/Scripts/Network/NetClient.cs:165)
Network.NetClient:KeepConnect() (at Assets/Scripts/Network/NetClient.cs:311)
Network.NetClient:Update() (at Assets/Scripts/Network/NetClient.cs:428)

2023-02-26 16:00:07,133 [ 1] ERROR Unity: DoConnect SocketException:[10061,ConnectionRefused,10061]System.Net.Sockets.SocketException: No connection could be made because the target machine actively refused it.

  at System.Net.Sockets.Socket.Connect (System.Net.EndPoint remoteEP, Boolean requireSocketPolicy) [0x00000] in <filename unknown>:0 
  at System.Net.Sockets.Socket+Worker.Connect () [0x00000] in <filename unknown>:0  
UnityEngine.Debug:LogErrorFormat(String, Object[])
Network.NetClient:DoConnect() (at Assets/Scripts/Network/NetClient.cs:272)
Network.NetClient:Connect(Int32) (at Assets/Scripts/Network/NetClient.cs:165)
Network.NetClient:KeepConnect() (at Assets/Scripts/Network/NetClient.cs:311)
Network.NetClient:Update() (at Assets/Scripts/Network/NetClient.cs:428)

2023-02-26 16:00:07,159 [ 1] INFO  Unity: DoConnect
2023-02-26 16:00:07,159 [ 1] INFO  Unity: NetClient.DoConnect on 127.0.0.1:8000
2023-02-26 16:00:07,160 [ 1] INFO  Unity: Connect[2] to server 127.0.0.1:8000

2023-02-26 16:00:09,199 [ 1] WARN  Unity: CloseConnection(), errorCode: 1005
UnityEngine.Debug:LogWarning(Object)
Network.NetClient:CloseConnection(Int32) (at Assets/Scripts/Network/NetClient.cs:176)
Network.NetClient:DoConnect() (at Assets/Scripts/Network/NetClient.cs:270)
Network.NetClient:Connect(Int32) (at Assets/Scripts/Network/NetClient.cs:165)
Network.NetClient:KeepConnect() (at Assets/Scripts/Network/NetClient.cs:311)
Network.NetClient:Update() (at Assets/Scripts/Network/NetClient.cs:428)

2023-02-26 16:00:09,200 [ 1] ERROR Unity: DoConnect SocketException:[10061,ConnectionRefused,10061]System.Net.Sockets.SocketException: No connection could be made because the target machine actively refused it.

  at System.Net.Sockets.Socket.Connect (System.Net.EndPoint remoteEP, Boolean requireSocketPolicy) [0x00000] in <filename unknown>:0 
  at System.Net.Sockets.Socket+Worker.Connect () [0x00000] in <filename unknown>:0  
UnityEngine.Debug:LogErrorFormat(String, Object[])
Network.NetClient:DoConnect() (at Assets/Scripts/Network/NetClient.cs:272)
Network.NetClient:Connect(Int32) (at Assets/Scripts/Network/NetClient.cs:165)
Network.NetClient:KeepConnect() (at Assets/Scripts/Network/NetClient.cs:311)
Network.NetClient:Update() (at Assets/Scripts/Network/NetClient.cs:428)

2023-02-26 16:00:09,200 [ 1] INFO  Unity: LoadingMesager::OnGameServerConnect :1 reason:Cannot connect to server
2023-02-26 16:02:56,220 [ 1] INFO  Unity: OnDestroy NetworkManager.
2023-02-26 16:02:56,221 [ 1] WARN  Unity: CloseConnection(), errorCode: 1007
UnityEngine.Debug:LogWarning(Object)
Network.NetClient:CloseConnection(Int32) (at Assets/Scripts/Network/NetClient.cs:176)
Network.NetClient:OnDestroy() (at Assets/Scripts/Network/NetClient.cs:171)

2023-02-26 16:02:56,222 [ 1] INFO  Unity: Character_1_88888 OnDestroy :ID:1 POS:(5000, 4000, 820) DIR:(100, 0, 0) SPD:0 
